{
  "RSpec": {
    "coverage": {
      "/home/module/lib/decidim/user_fields.rb": {
        "lines": [
          null,
          null,
          1,
          1,
          1,
          1,
          1,
          1,
          1,
          1,
          null,
          1,
          1,
          1,
          1,
          1,
          1,
          1,
          1,
          1,
          1,
          1,
          null,
          1,
          null,
          1,
          1,
          null,
          1,
          null,
          null,
          null,
          null
        ]
      },
      "/home/module/lib/decidim/custom_user_fields/fields/generic_field.rb": {
        "lines": [
          null,
          null,
          1,
          1,
          1,
          1,
          1,
          1,
          null,
          1,
          null,
          1,
          1,
          null,
          1,
          737,
          737,
          null,
          null,
          1,
          null,
          1,
          0,
          null,
          null,
          1,
          8,
          null,
          null,
          1,
          0,
          null,
          null,
          1,
          0,
          null,
          null,
          1,
          0,
          null,
          null,
          1,
          0,
          null,
          null,
          1,
          0,
          null,
          null,
          1,
          26,
          null,
          null,
          null,
          null,
          null,
          null,
          1,
          21,
          null,
          null,
          null,
          null,
          null,
          null,
          1,
          57,
          null,
          null,
          1,
          22,
          null,
          null,
          1,
          276,
          276,
          255,
          255,
          null,
          null,
          21,
          null,
          null,
          null,
          null,
          null,
          1,
          908,
          null,
          null,
          1,
          476,
          476,
          210,
          266,
          141,
          null,
          476,
          null,
          464,
          464,
          464,
          219,
          486,
          null,
          null,
          464,
          null,
          null,
          1,
          464,
          null,
          null,
          1,
          565,
          null,
          null,
          1,
          null,
          1,
          null,
          1,
          553,
          null,
          null,
          null,
          null,
          null
        ]
      },
      "/home/module/lib/decidim/custom_user_fields/fields/dummy_field.rb": {
        "lines": [
          null,
          null,
          1,
          1,
          1,
          1,
          1,
          12,
          12,
          null,
          12,
          null,
          null,
          1,
          9,
          null,
          null,
          1,
          3,
          null,
          null,
          1,
          17,
          17,
          null,
          null,
          null,
          null,
          1,
          null,
          3,
          null,
          null,
          null,
          null,
          null,
          null,
          null,
          null,
          null
        ]
      },
      "/home/module/lib/decidim/custom_user_fields/fields/date_field.rb": {
        "lines": [
          null,
          null,
          1,
          1,
          1,
          1,
          1,
          208,
          null,
          208,
          null,
          null,
          null,
          0,
          null,
          null,
          null,
          null,
          null,
          0,
          null,
          208,
          208,
          null,
          null,
          1,
          7,
          null,
          7,
          null,
          7,
          null,
          1,
          1,
          null,
          null,
          6,
          6,
          null,
          null,
          1,
          5,
          null,
          null,
          1,
          14,
          null,
          14,
          null,
          null,
          1,
          null,
          8,
          null,
          null,
          null,
          null,
          8,
          8,
          8,
          null,
          2,
          null,
          null,
          null,
          null,
          8,
          null,
          null,
          null,
          null,
          null,
          1,
          null,
          1,
          2,
          null,
          null,
          1,
          6,
          null,
          null,
          1,
          2,
          null,
          null,
          1,
          6,
          null,
          null,
          null,
          null,
          null
        ]
      },
      "/home/module/lib/decidim/custom_user_fields/fields/text_area_field.rb": {
        "lines": [
          null,
          null,
          1,
          1,
          1,
          1,
          1,
          3,
          null,
          3,
          null,
          null,
          null,
          3,
          null,
          1,
          0,
          null,
          null,
          0,
          null,
          null,
          0,
          null,
          null,
          1,
          1,
          1,
          1,
          null,
          3,
          null,
          null,
          1,
          3,
          3,
          null,
          null,
          null,
          null,
          1,
          0,
          null,
          null,
          1,
          null,
          0,
          null,
          null,
          null,
          null,
          null,
          0,
          null,
          null,
          null,
          null,
          null
        ]
      },
      "/home/module/lib/decidim/custom_user_fields/fields/text_field.rb": {
        "lines": [
          null,
          null,
          1,
          1,
          1,
          1,
          1,
          112,
          112,
          112,
          112,
          1,
          null,
          null,
          0,
          null,
          null,
          null,
          null,
          112,
          34,
          null,
          null,
          0,
          null,
          null,
          null,
          null,
          112,
          null,
          null,
          1,
          4,
          null,
          null,
          1,
          12,
          12,
          null,
          null,
          null,
          null,
          1,
          3,
          null,
          null,
          null,
          null,
          null,
          null,
          null,
          null,
          null,
          null,
          null
        ]
      },
      "/home/module/lib/decidim/custom_user_fields/fields/extra_field_ref_field.rb": {
        "lines": [
          null,
          null,
          1,
          1,
          1,
          1,
          1,
          null,
          1,
          138,
          136,
          null,
          null,
          1,
          146,
          null,
          null,
          1,
          6,
          null,
          null,
          1,
          20,
          null,
          null,
          1,
          4,
          null,
          null,
          1,
          1,
          null,
          null,
          1,
          11,
          11,
          11,
          11,
          1,
          null,
          null,
          null,
          null,
          null,
          10,
          10,
          10,
          10,
          10,
          null,
          null,
          null,
          1,
          10,
          null,
          null,
          1,
          null,
          1,
          314,
          null,
          null,
          1,
          314,
          1,
          null,
          null,
          null,
          313,
          313,
          null,
          626,
          313,
          1,
          null,
          null,
          null,
          312,
          312,
          null,
          null,
          null,
          1,
          11,
          null,
          null,
          null,
          null,
          null
        ]
      },
      "/home/module/lib/decidim/custom_user_fields/fields/boolean_field.rb": {
        "lines": [
          null,
          null,
          1,
          1,
          1,
          1,
          1,
          141,
          141,
          141,
          33,
          null,
          5,
          null,
          108,
          108,
          null,
          245,
          null,
          null,
          141,
          null,
          null,
          1,
          1,
          null,
          null,
          1,
          2,
          null,
          2,
          null,
          null,
          1,
          3,
          null,
          3,
          null,
          null,
          1,
          11,
          null,
          null,
          1,
          9,
          null,
          null,
          null,
          null,
          null,
          null,
          null,
          null,
          null,
          null,
          null
        ]
      },
      "/home/module/lib/decidim/custom_user_fields/field_definition.rb": {
        "lines": [
          null,
          null,
          1,
          null,
          1,
          1,
          1,
          1,
          null,
          1,
          null,
          null,
          null,
          null,
          1,
          null,
          null,
          null,
          null,
          null,
          null,
          null,
          null,
          null,
          null,
          null,
          1,
          730,
          730,
          730,
          730,
          null,
          55,
          null,
          130,
          null,
          5,
          null,
          268,
          null,
          155,
          null,
          116,
          null,
          1,
          null,
          null,
          null,
          1,
          312,
          null,
          null,
          null,
          null
        ]
      },
      "/home/module/lib/decidim/custom_user_fields/helpers/application_helper.rb": {
        "lines": [
          null,
          null,
          1,
          1,
          1,
          null,
          null,
          null
        ]
      },
      "/home/module/lib/decidim/custom_user_fields/custom_user_fields.rb": {
        "lines": [
          null,
          null,
          1,
          1,
          1,
          null,
          1,
          1,
          null,
          null,
          null,
          null,
          null,
          null,
          1,
          1,
          null,
          null,
          1,
          150,
          null,
          null,
          1,
          null,
          null
        ]
      },
      "/home/module/lib/decidim/custom_user_fields/customizations.rb": {
        "lines": [
          null,
          null,
          1,
          1,
          null,
          1,
          1,
          1,
          1,
          1,
          150,
          150,
          150,
          150,
          149,
          149,
          null,
          null,
          1,
          1064,
          null,
          1064,
          null,
          null,
          1,
          647,
          null,
          null,
          1,
          17,
          null,
          null,
          1,
          70,
          null,
          null,
          1,
          null,
          1,
          1948,
          null,
          null,
          null,
          null,
          null
        ]
      },
      "/home/module/lib/decidim/custom_user_fields/customizations/customization.rb": {
        "lines": [
          null,
          null,
          1,
          1,
          1,
          1,
          1,
          null,
          1,
          151,
          151,
          151,
          null,
          null,
          1,
          1,
          null,
          null,
          null,
          null,
          null,
          null,
          1,
          184,
          null,
          null,
          null,
          null,
          null
        ]
      },
      "/home/module/lib/decidim/custom_user_fields/customizations/builder.rb": {
        "lines": [
          null,
          null,
          1,
          1,
          1,
          1,
          1,
          150,
          null,
          null,
          1,
          112,
          112,
          null,
          null,
          1,
          183,
          null,
          null,
          null,
          1,
          1,
          112,
          null,
          null,
          1,
          112,
          112,
          1,
          null,
          null,
          null,
          111,
          null,
          null,
          null,
          null,
          null,
          null,
          null
        ]
      },
      "/home/module/lib/decidim/custom_user_fields/registration_fields.rb": {
        "lines": [
          null,
          null,
          1,
          1,
          1,
          1,
          null,
          null,
          null,
          null,
          null,
          null,
          null,
          null,
          null,
          null,
          null,
          null,
          null,
          null,
          null,
          null,
          null,
          null,
          1,
          1,
          112,
          null,
          null,
          1,
          516,
          516,
          1525,
          null,
          null,
          null,
          1,
          509,
          509,
          null,
          null,
          null,
          1,
          122,
          null,
          null,
          1,
          null,
          1,
          516,
          null,
          1,
          null,
          null,
          1,
          1525,
          null,
          null,
          null,
          null,
          null,
          null,
          null
        ]
      },
      "/home/module/lib/decidim/custom_user_fields/authorization_customization_compatibility.rb": {
        "lines": [
          null,
          null,
          1,
          1,
          1,
          1,
          1,
          9,
          9,
          9,
          9,
          null,
          7,
          null,
          null,
          null,
          1,
          3,
          3,
          null,
          null,
          null,
          null,
          null
        ]
      },
      "/home/module/lib/decidim/custom_user_fields/toggle/authorizations_customization_validation.rb": {
        "lines": [
          null,
          null,
          1,
          1,
          1,
          1,
          1,
          null,
          1,
          1,
          null,
          null,
          1,
          null,
          1,
          4,
          4,
          null,
          4,
          4,
          null,
          null,
          null,
          4,
          null,
          1,
          null,
          null,
          null,
          null,
          null,
          null,
          null,
          null,
          null,
          null,
          null,
          null
        ]
      },
      "/home/module/lib/decidim/custom_user_fields/overrides/command.rb": {
        "lines": [
          null,
          null,
          1,
          null,
          1,
          1,
          null,
          1,
          1,
          null,
          1,
          null,
          1,
          null,
          4,
          null,
          null,
          null,
          null,
          null,
          null,
          null,
          null,
          null,
          null,
          null,
          4,
          4,
          null,
          null,
          1,
          1,
          1,
          1,
          1,
          1,
          1,
          1,
          null,
          null,
          1,
          6,
          6,
          6,
          6,
          null,
          6,
          6,
          null,
          null,
          null,
          null
        ]
      },
      "/home/module/lib/decidim/custom_user_fields/overrides/omniauth_command.rb": {
        "lines": [
          null,
          null,
          1,
          null,
          1,
          1,
          1,
          1,
          null,
          1,
          null,
          1,
          1,
          1,
          null,
          null,
          1,
          1,
          null,
          1,
          1,
          null,
          1,
          null,
          null,
          1,
          1,
          1,
          1,
          1,
          null,
          1,
          null,
          null,
          null,
          null
        ]
      },
      "/home/module/lib/decidim/custom_user_fields/overrides/invitations_controller.rb": {
        "lines": [
          null,
          null,
          1,
          1,
          1,
          1,
          1,
          1,
          1,
          null,
          1,
          1,
          null,
          null,
          1,
          null,
          1,
          2,
          null,
          null,
          null,
          null,
          null,
          1,
          null,
          1,
          1,
          null,
          3,
          1,
          3,
          null,
          null,
          null,
          1,
          1,
          1,
          1,
          1,
          null,
          1,
          null,
          1,
          null,
          null,
          null,
          null
        ]
      },
      "/home/module/lib/decidim/custom_user_fields/overrides/form_definition.rb": {
        "lines": [
          null,
          null,
          1,
          null,
          1,
          1,
          1,
          1,
          null,
          1,
          1,
          0,
          null,
          null,
          1,
          108,
          216,
          null,
          null,
          null,
          null,
          1,
          7,
          7,
          5,
          null,
          null,
          null,
          1,
          491,
          491,
          null,
          489,
          null,
          null,
          1,
          5,
          5,
          5,
          8,
          null,
          3,
          null,
          null,
          null,
          null,
          null
        ]
      },
      "/home/module/lib/decidim/custom_user_fields/engine.rb": {
        "lines": [
          null,
          null,
          1,
          1,
          1,
          1,
          null,
          1,
          1,
          1,
          1,
          1,
          null,
          null,
          null,
          null,
          null,
          1,
          1,
          1,
          1,
          1,
          1,
          null,
          null,
          null,
          1,
          1,
          null,
          null,
          1,
          1,
          null,
          null,
          1,
          1,
          null,
          null,
          1,
          1,
          null,
          null,
          1,
          1,
          null,
          null,
          1,
          null,
          null,
          null,
          1,
          null,
          null,
          null,
          1,
          null,
          1,
          17,
          null,
          17,
          null,
          null,
          null,
          null,
          null,
          null,
          null,
          null,
          null
        ]
      },
      "/home/module/lib/decidim/custom_user_fields/verifications/builder.rb": {
        "lines": [
          null,
          null,
          1,
          1,
          1,
          1,
          1,
          1,
          null,
          1,
          188,
          188,
          188,
          188,
          188,
          188,
          null,
          null,
          1,
          1,
          1,
          null,
          null,
          1,
          169,
          null,
          null,
          1,
          260,
          260,
          147,
          null,
          260,
          null,
          null,
          1,
          1,
          null,
          null,
          1,
          2,
          null,
          null,
          1,
          815,
          null,
          null,
          1,
          1153,
          null,
          null,
          1,
          188,
          null,
          187,
          169,
          169,
          169,
          169,
          169,
          169,
          null,
          169,
          169,
          235,
          null,
          null,
          null,
          null,
          1,
          null,
          1,
          448,
          188,
          1,
          null,
          null,
          null,
          187,
          259,
          null,
          null,
          null,
          null,
          null,
          null
        ]
      },
      "/home/module/lib/decidim/custom_user_fields/verifications/verifications.rb": {
        "lines": [
          null,
          null,
          1,
          1,
          1,
          1,
          null,
          1,
          0,
          null,
          null,
          1,
          1,
          187,
          null,
          null,
          1,
          495,
          null,
          null,
          1,
          11,
          null,
          null,
          1,
          16,
          null,
          null,
          1,
          177,
          177,
          177,
          177,
          null,
          null,
          null,
          1,
          185,
          185,
          185,
          185,
          184,
          184,
          null,
          null,
          null,
          null,
          null
        ]
      },
      "/home/module/app/overrides/invitation_override.rb": {
        "lines": [
          null,
          null,
          1,
          null,
          null,
          null,
          1,
          null,
          null,
          null,
          null,
          null,
          null,
          1,
          null,
          null,
          null,
          1,
          null,
          null,
          null,
          null,
          1,
          null,
          null,
          null,
          1,
          null,
          null,
          null,
          null
        ]
      },
      "/home/module/app/forms/decidim/custom_user_fields/verifications/verification_form.rb": {
        "lines": [
          null,
          null,
          1,
          1,
          1,
          1,
          1,
          1,
          null,
          1,
          1,
          null,
          1,
          1,
          null,
          1,
          1,
          null,
          null,
          1,
          47,
          null,
          null,
          1,
          14,
          16,
          16,
          null,
          null,
          null,
          1,
          5,
          5,
          null,
          7,
          7,
          null,
          7,
          7,
          null,
          null,
          null,
          null,
          1,
          18,
          null,
          null,
          1,
          null,
          1,
          14,
          16,
          16,
          null,
          null,
          null,
          1,
          0,
          null,
          null,
          1,
          12,
          null,
          null,
          1,
          5,
          5,
          9,
          4,
          null,
          5,
          null,
          null,
          null,
          null,
          null
        ]
      },
      "/home/module/app/forms/decidim/custom_user_fields/admin/customizations_config_form.rb": {
        "lines": [
          null,
          null,
          1,
          1,
          1,
          1,
          1,
          1,
          null,
          1,
          null,
          1,
          null,
          1,
          1,
          149,
          149,
          null,
          10,
          null,
          null,
          1,
          1,
          2,
          null,
          null,
          null,
          null,
          1,
          null,
          1,
          2,
          null,
          2,
          2,
          1,
          null,
          null,
          null,
          null,
          1,
          null,
          null,
          null,
          1,
          null,
          1,
          7,
          7,
          null,
          7,
          13,
          null,
          2,
          null,
          null,
          null,
          2,
          null,
          2,
          null,
          null,
          null,
          null,
          null,
          null,
          null,
          null,
          null,
          null,
          1,
          13,
          13,
          13,
          null,
          null,
          1,
          13,
          null,
          1,
          null,
          null,
          1,
          13,
          null,
          null,
          null,
          null,
          null,
          null,
          null
        ]
      },
      "/home/module/lib/decidim/custom_user_fields/version.rb": {
        "lines": [
          null,
          null,
          0,
          0,
          0,
          0,
          0,
          null,
          0,
          0,
          0,
          0,
          0
        ],
        "branches": {}
      }
    },
    "timestamp": 1782741491
  }
}
