{
  "RSpec": {
    "coverage": {
      "/work/lib/decidim/user_fields.rb": {
        "lines": [
          null,
          null,
          1,
          1,
          1,
          1,
          1,
          1,
          1,
          null,
          1,
          1,
          1,
          1,
          null,
          1,
          null,
          1,
          1,
          null,
          1,
          null,
          null,
          null,
          null
        ]
      },
      "/work/lib/decidim/custom_user_fields/fields/generic_field.rb": {
        "lines": [
          null,
          null,
          1,
          1,
          1,
          1,
          1,
          1,
          null,
          1,
          null,
          1,
          1,
          null,
          1,
          62,
          62,
          null,
          null,
          1,
          null,
          1,
          0,
          null,
          null,
          1,
          2,
          null,
          null,
          1,
          0,
          null,
          null,
          1,
          0,
          null,
          null,
          1,
          0,
          null,
          null,
          1,
          0,
          null,
          null,
          1,
          0,
          null,
          null,
          1,
          5,
          null,
          null,
          null,
          null,
          null,
          null,
          1,
          1,
          null,
          null,
          null,
          null,
          null,
          null,
          1,
          11,
          null,
          null,
          1,
          1,
          null,
          null,
          1,
          3,
          3,
          2,
          2,
          null,
          null,
          1,
          null,
          null,
          null,
          null,
          null,
          1,
          12,
          null,
          null,
          1,
          9,
          null,
          null,
          1,
          null,
          1,
          null,
          1,
          6,
          null,
          null,
          null,
          null,
          null
        ]
      },
      "/work/lib/decidim/custom_user_fields/fields/dummy_field.rb": {
        "lines": [
          null,
          null,
          1,
          1,
          1,
          1,
          1,
          13,
          13,
          null,
          13,
          null,
          null,
          1,
          6,
          null,
          null,
          1,
          3,
          null,
          null,
          1,
          17,
          17,
          null,
          null,
          null,
          null,
          1,
          null,
          2,
          null,
          null,
          null,
          null,
          null,
          null,
          null,
          null,
          null
        ]
      },
      "/work/lib/decidim/custom_user_fields/fields/date_field.rb": {
        "lines": [
          null,
          null,
          1,
          1,
          1,
          1,
          1,
          1,
          null,
          1,
          null,
          0,
          null,
          null,
          null,
          null,
          null,
          0,
          null,
          null,
          null,
          1,
          null,
          null,
          1,
          3,
          null,
          3,
          null,
          1,
          1,
          null,
          null,
          2,
          2,
          null,
          null,
          1,
          0,
          null,
          null,
          1,
          null,
          0,
          null,
          null,
          null,
          null,
          0,
          0,
          null,
          null,
          null,
          null,
          null,
          1,
          null,
          1,
          2,
          null,
          null,
          1,
          2,
          null,
          null,
          1,
          2,
          null,
          null,
          1,
          2,
          null,
          null,
          null,
          null,
          null
        ]
      },
      "/work/lib/decidim/custom_user_fields/fields/text_area_field.rb": {
        "lines": [
          null,
          null,
          1,
          1,
          1,
          1,
          1,
          3,
          null,
          3,
          null,
          null,
          null,
          3,
          null,
          1,
          0,
          null,
          null,
          0,
          null,
          null,
          0,
          null,
          null,
          1,
          1,
          1,
          1,
          null,
          3,
          null,
          null,
          1,
          3,
          3,
          null,
          null,
          null,
          null,
          1,
          0,
          null,
          null,
          1,
          null,
          0,
          null,
          null,
          null,
          null,
          null,
          0,
          null,
          null,
          null,
          null,
          null
        ]
      },
      "/work/lib/decidim/custom_user_fields/fields/text_field.rb": {
        "lines": [
          null,
          null,
          1,
          1,
          1,
          1,
          1,
          5,
          null,
          5,
          null,
          5,
          1,
          null,
          null,
          0,
          null,
          null,
          null,
          null,
          5,
          1,
          null,
          null,
          0,
          null,
          null,
          null,
          null,
          5,
          null,
          null,
          1,
          1,
          null,
          null,
          1,
          3,
          3,
          null,
          null,
          null,
          null,
          1,
          0,
          null,
          null,
          null,
          null,
          null,
          null,
          null,
          null,
          null,
          null,
          null
        ]
      },
      "/work/lib/decidim/custom_user_fields/fields/extra_field_ref_field.rb": {
        "lines": [
          null,
          null,
          1,
          1,
          1,
          1,
          1,
          null,
          1,
          7,
          4,
          null,
          3,
          3,
          3,
          null,
          null,
          1,
          1,
          null,
          null,
          1,
          2,
          2,
          2,
          2,
          1,
          null,
          null,
          null,
          null,
          null,
          1,
          1,
          1,
          1,
          1,
          null,
          null,
          null,
          1,
          1,
          null,
          null,
          1,
          null,
          1,
          2,
          null,
          null,
          null,
          null,
          null
        ]
      },
      "/work/lib/decidim/custom_user_fields/field_definition.rb": {
        "lines": [
          null,
          null,
          1,
          null,
          1,
          1,
          1,
          1,
          null,
          1,
          null,
          null,
          null,
          null,
          1,
          null,
          null,
          null,
          null,
          null,
          null,
          null,
          null,
          null,
          null,
          null,
          1,
          55,
          55,
          55,
          55,
          null,
          31,
          null,
          8,
          null,
          5,
          null,
          4,
          null,
          6,
          null,
          1,
          null,
          null,
          null,
          null,
          null
        ]
      },
      "/work/lib/decidim/custom_user_fields/helpers/application_helper.rb": {
        "lines": [
          null,
          null,
          1,
          1,
          1,
          null,
          null,
          null
        ]
      },
      "/work/lib/decidim/custom_user_fields/custom_user_fields.rb": {
        "lines": [
          null,
          null,
          1,
          1,
          1,
          null,
          1,
          0,
          null,
          null,
          null,
          null,
          null,
          null,
          1,
          1,
          null,
          null,
          1,
          58,
          null,
          null,
          1,
          1,
          1,
          null,
          null,
          1,
          null,
          null
        ]
      },
      "/work/lib/decidim/custom_user_fields/overrides/command.rb": {
        "lines": [
          null,
          null,
          1,
          null,
          1,
          1,
          null,
          1,
          1,
          null,
          1,
          null,
          1,
          null,
          1,
          null,
          null,
          null,
          null,
          null,
          null,
          null,
          null,
          null,
          null,
          null,
          1,
          1,
          null,
          null,
          1,
          0,
          0,
          0,
          0,
          0,
          0,
          0,
          null,
          null,
          1,
          2,
          2,
          2,
          null,
          2,
          null,
          null,
          null,
          null
        ]
      },
      "/work/lib/decidim/custom_user_fields/overrides/form_definition.rb": {
        "lines": [
          null,
          null,
          1,
          null,
          1,
          1,
          null,
          1,
          1,
          null,
          1,
          5,
          5,
          2,
          null,
          null,
          null,
          1,
          1,
          1,
          1,
          null,
          null,
          null,
          null,
          null
        ]
      },
      "/work/lib/decidim/custom_user_fields/engine.rb": {
        "lines": [
          null,
          null,
          1,
          1,
          1,
          null,
          1,
          1,
          1,
          1,
          1,
          null,
          null,
          null,
          null,
          null,
          1,
          1,
          1,
          1,
          1,
          0,
          null,
          null,
          null,
          1,
          1,
          null,
          null,
          1,
          1,
          null,
          null,
          1,
          1,
          null,
          null,
          1,
          1,
          null,
          null,
          null,
          null,
          null,
          null
        ]
      },
      "/work/lib/decidim/custom_user_fields/verifications/builder.rb": {
        "lines": [
          null,
          null,
          1,
          1,
          1,
          1,
          1,
          1,
          null,
          1,
          5,
          5,
          5,
          5,
          5,
          null,
          null,
          1,
          2,
          2,
          null,
          null,
          1,
          2,
          null,
          null,
          1,
          2,
          null,
          null,
          1,
          2,
          null,
          null,
          1,
          2,
          null,
          null,
          1,
          5,
          null,
          null,
          1,
          8,
          null,
          null,
          1,
          1,
          1,
          1,
          1,
          1,
          1,
          1,
          null,
          1,
          1,
          1,
          null,
          null,
          null,
          null,
          null,
          null,
          null
        ]
      },
      "/work/lib/decidim/custom_user_fields/verifications/verifications.rb": {
        "lines": [
          null,
          null,
          1,
          1,
          1,
          1,
          null,
          1,
          0,
          null,
          null,
          1,
          1,
          16,
          null,
          null,
          1,
          null,
          9,
          9,
          9,
          9,
          null,
          null,
          null,
          1,
          1,
          1,
          1,
          null,
          null,
          null,
          null
        ]
      },
      "/work/app/overrides/invitation_override.rb": {
        "lines": [
          null,
          null,
          1,
          null,
          null,
          null,
          1,
          null,
          null,
          null,
          null,
          null,
          null,
          1,
          null,
          null,
          null,
          1,
          null,
          null,
          null,
          null,
          1,
          null,
          null,
          null,
          1,
          null,
          null,
          null,
          null
        ]
      },
      "/work/app/forms/decidim/custom_user_fields/verifications/verification_form.rb": {
        "lines": [
          null,
          null,
          1,
          1,
          1,
          1,
          1,
          1,
          null,
          1,
          1,
          null,
          1,
          1,
          null,
          1,
          1,
          null,
          null,
          1,
          14,
          null,
          null,
          1,
          7,
          7,
          7,
          null,
          null,
          null,
          1,
          0,
          0,
          null,
          0,
          0,
          null,
          0,
          0,
          null,
          null,
          null,
          null,
          1,
          0,
          null,
          null,
          1,
          null,
          1,
          7,
          7,
          7,
          null,
          null,
          null,
          1,
          0,
          null,
          null,
          1,
          0,
          null,
          null,
          1,
          0,
          0,
          0,
          0,
          null,
          0,
          null,
          null,
          null,
          null,
          null
        ]
      },
      "/work/lib/tasks/decidim/custom_user_fields/custom_user_fields_upgrade.rake": {
        "lines": [
          null,
          null,
          1,
          0,
          0,
          null,
          null,
          1,
          1,
          0,
          0,
          null,
          null
        ]
      },
      "/work/lib/tasks/decidim/custom_user_fields/custom_user_fields_webpacker.rake": {
        "lines": [
          null,
          null,
          1,
          null,
          1,
          1,
          1,
          1,
          0,
          null,
          0,
          null,
          null,
          1,
          1,
          0,
          null,
          0,
          null,
          null,
          1,
          0,
          null,
          0,
          0,
          0,
          null,
          null,
          1,
          0,
          0,
          null,
          0,
          null,
          0,
          null,
          null,
          null,
          1,
          0,
          null,
          null,
          1,
          0,
          null,
          null,
          1,
          0,
          null,
          null,
          1,
          0,
          null,
          null,
          1,
          0,
          null,
          null,
          null
        ]
      },
      "/work/lib/decidim/custom_user_fields/version.rb": {
        "lines": [
          null,
          null,
          0,
          0,
          0,
          0,
          0,
          null,
          0,
          0,
          0,
          0,
          0
        ],
        "branches": {}
      }
    },
    "timestamp": 1778871366
  }
}
