<?xml version='1.0'?>
<!DOCTYPE coverage SYSTEM "http://cobertura.sourceforge.net/xml/coverage-04.dtd">
<!-- Generated by simplecov-cobertura version 2.1.0 (https://github.com/dashingrocket/simplecov-cobertura) -->
<coverage line-rate="0.59" lines-covered="218" lines-valid="370" complexity="0" version="0" timestamp="1742515830">
  <sources>
    <source>/home/decidim/module</source>
  </sources>
  <packages>
    <package name="module" line-rate="0.59" complexity="0">
      <classes>
        <class name="verification_form" filename="app/forms/decidim/custom_user_fields/verifications/verification_form.rb" line-rate="0.67" complexity="0">
          <methods/>
          <lines>
            <line number="3" hits="1"/>
            <line number="4" hits="1"/>
            <line number="5" hits="1"/>
            <line number="6" hits="1"/>
            <line number="7" hits="1"/>
            <line number="8" hits="1"/>
            <line number="10" hits="1"/>
            <line number="11" hits="1"/>
            <line number="13" hits="1"/>
            <line number="15" hits="1"/>
            <line number="16" hits="1"/>
            <line number="18" hits="1"/>
            <line number="19" hits="1"/>
            <line number="22" hits="1"/>
            <line number="23" hits="14"/>
            <line number="26" hits="1"/>
            <line number="27" hits="7"/>
            <line number="28" hits="7"/>
            <line number="29" hits="7"/>
            <line number="33" hits="1"/>
            <line number="34" hits="0"/>
            <line number="35" hits="0"/>
            <line number="37" hits="0"/>
            <line number="38" hits="0"/>
            <line number="40" hits="0"/>
            <line number="41" hits="0"/>
            <line number="46" hits="1"/>
            <line number="47" hits="0"/>
            <line number="50" hits="1"/>
            <line number="52" hits="1"/>
            <line number="53" hits="7"/>
            <line number="54" hits="7"/>
            <line number="55" hits="7"/>
            <line number="59" hits="1"/>
            <line number="60" hits="0"/>
            <line number="63" hits="1"/>
            <line number="64" hits="0"/>
            <line number="67" hits="1"/>
            <line number="68" hits="0"/>
            <line number="69" hits="0"/>
            <line number="70" hits="0"/>
            <line number="71" hits="0"/>
            <line number="73" hits="0"/>
          </lines>
        </class>
        <class name="custom_user_fields" filename="lib/decidim/custom_user_fields/custom_user_fields.rb" line-rate="0.77" complexity="0">
          <methods/>
          <lines>
            <line number="3" hits="1"/>
            <line number="4" hits="1"/>
            <line number="5" hits="1"/>
            <line number="7" hits="1"/>
            <line number="8" hits="0"/>
            <line number="15" hits="1"/>
            <line number="16" hits="1"/>
            <line number="19" hits="1"/>
            <line number="20" hits="3"/>
            <line number="23" hits="1"/>
            <line number="24" hits="0"/>
            <line number="25" hits="0"/>
            <line number="28" hits="1"/>
          </lines>
        </class>
        <class name="engine" filename="lib/decidim/custom_user_fields/engine.rb" line-rate="0.95" complexity="0">
          <methods/>
          <lines>
            <line number="3" hits="1"/>
            <line number="4" hits="1"/>
            <line number="5" hits="1"/>
            <line number="7" hits="1"/>
            <line number="8" hits="1"/>
            <line number="9" hits="1"/>
            <line number="10" hits="1"/>
            <line number="11" hits="1"/>
            <line number="17" hits="1"/>
            <line number="18" hits="1"/>
            <line number="19" hits="1"/>
            <line number="20" hits="1"/>
            <line number="21" hits="1"/>
            <line number="22" hits="0"/>
            <line number="26" hits="1"/>
            <line number="27" hits="1"/>
            <line number="30" hits="1"/>
            <line number="31" hits="1"/>
            <line number="34" hits="1"/>
            <line number="35" hits="1"/>
            <line number="38" hits="1"/>
            <line number="39" hits="1"/>
          </lines>
        </class>
        <class name="field_definition" filename="lib/decidim/custom_user_fields/field_definition.rb" line-rate="0.72" complexity="0">
          <methods/>
          <lines>
            <line number="3" hits="1"/>
            <line number="5" hits="1"/>
            <line number="6" hits="1"/>
            <line number="7" hits="1"/>
            <line number="8" hits="1"/>
            <line number="10" hits="1"/>
            <line number="15" hits="1"/>
            <line number="27" hits="1"/>
            <line number="28" hits="7"/>
            <line number="29" hits="7"/>
            <line number="30" hits="7"/>
            <line number="31" hits="7"/>
            <line number="33" hits="7"/>
            <line number="35" hits="0"/>
            <line number="37" hits="0"/>
            <line number="39" hits="0"/>
            <line number="41" hits="0"/>
            <line number="43" hits="0"/>
          </lines>
        </class>
        <class name="date_field" filename="lib/decidim/custom_user_fields/fields/date_field.rb" line-rate="0.43" complexity="0">
          <methods/>
          <lines>
            <line number="3" hits="1"/>
            <line number="4" hits="1"/>
            <line number="5" hits="1"/>
            <line number="6" hits="1"/>
            <line number="7" hits="1"/>
            <line number="8" hits="0"/>
            <line number="10" hits="0"/>
            <line number="11" hits="0"/>
            <line number="15" hits="0"/>
            <line number="18" hits="0"/>
            <line number="21" hits="1"/>
            <line number="22" hits="0"/>
            <line number="24" hits="0"/>
            <line number="26" hits="0"/>
            <line number="27" hits="0"/>
            <line number="30" hits="0"/>
            <line number="31" hits="0"/>
            <line number="34" hits="1"/>
            <line number="35" hits="0"/>
            <line number="38" hits="1"/>
            <line number="39" hits="0"/>
            <line number="50" hits="1"/>
            <line number="52" hits="1"/>
            <line number="53" hits="0"/>
            <line number="56" hits="1"/>
            <line number="57" hits="0"/>
            <line number="60" hits="1"/>
            <line number="61" hits="0"/>
            <line number="64" hits="1"/>
            <line number="65" hits="0"/>
          </lines>
        </class>
        <class name="dummy_field" filename="lib/decidim/custom_user_fields/fields/dummy_field.rb" line-rate="0.82" complexity="0">
          <methods/>
          <lines>
            <line number="3" hits="1"/>
            <line number="4" hits="1"/>
            <line number="5" hits="1"/>
            <line number="6" hits="1"/>
            <line number="7" hits="1"/>
            <line number="8" hits="7"/>
            <line number="9" hits="7"/>
            <line number="11" hits="7"/>
            <line number="14" hits="1"/>
            <line number="15" hits="0"/>
            <line number="19" hits="1"/>
            <line number="20" hits="0"/>
            <line number="23" hits="1"/>
            <line number="24" hits="14"/>
            <line number="25" hits="14"/>
            <line number="30" hits="1"/>
            <line number="32" hits="0"/>
          </lines>
        </class>
        <class name="extra_field_ref_field" filename="lib/decidim/custom_user_fields/fields/extra_field_ref_field.rb" line-rate="0.38" complexity="0">
          <methods/>
          <lines>
            <line number="3" hits="1"/>
            <line number="4" hits="1"/>
            <line number="5" hits="1"/>
            <line number="6" hits="1"/>
            <line number="7" hits="1"/>
            <line number="9" hits="1"/>
            <line number="10" hits="0"/>
            <line number="11" hits="0"/>
            <line number="12" hits="0"/>
            <line number="13" hits="0"/>
            <line number="14" hits="0"/>
            <line number="17" hits="1"/>
            <line number="18" hits="0"/>
            <line number="21" hits="1"/>
            <line number="22" hits="0"/>
            <line number="23" hits="0"/>
            <line number="24" hits="0"/>
            <line number="25" hits="0"/>
            <line number="26" hits="0"/>
            <line number="32" hits="0"/>
            <line number="33" hits="0"/>
            <line number="34" hits="0"/>
            <line number="35" hits="0"/>
            <line number="36" hits="0"/>
            <line number="40" hits="1"/>
            <line number="41" hits="0"/>
            <line number="44" hits="1"/>
            <line number="46" hits="1"/>
            <line number="47" hits="0"/>
          </lines>
        </class>
        <class name="generic_field" filename="lib/decidim/custom_user_fields/fields/generic_field.rb" line-rate="0.6" complexity="0">
          <methods/>
          <lines>
            <line number="3" hits="1"/>
            <line number="4" hits="1"/>
            <line number="5" hits="1"/>
            <line number="6" hits="1"/>
            <line number="7" hits="1"/>
            <line number="8" hits="1"/>
            <line number="10" hits="1"/>
            <line number="12" hits="1"/>
            <line number="13" hits="1"/>
            <line number="15" hits="1"/>
            <line number="16" hits="7"/>
            <line number="17" hits="7"/>
            <line number="20" hits="1"/>
            <line number="22" hits="1"/>
            <line number="23" hits="0"/>
            <line number="26" hits="1"/>
            <line number="27" hits="0"/>
            <line number="30" hits="1"/>
            <line number="31" hits="0"/>
            <line number="34" hits="1"/>
            <line number="35" hits="0"/>
            <line number="38" hits="1"/>
            <line number="39" hits="0"/>
            <line number="42" hits="1"/>
            <line number="43" hits="0"/>
            <line number="46" hits="1"/>
            <line number="47" hits="0"/>
            <line number="50" hits="1"/>
            <line number="51" hits="0"/>
            <line number="58" hits="1"/>
            <line number="59" hits="0"/>
            <line number="62" hits="1"/>
            <line number="63" hits="0"/>
            <line number="64" hits="0"/>
            <line number="66" hits="0"/>
            <line number="67" hits="0"/>
            <line number="70" hits="1"/>
            <line number="71" hits="0"/>
            <line number="73" hits="0"/>
            <line number="75" hits="0"/>
            <line number="79" hits="1"/>
            <line number="80" hits="0"/>
            <line number="83" hits="1"/>
            <line number="84" hits="0"/>
            <line number="87" hits="1"/>
            <line number="89" hits="1"/>
            <line number="91" hits="1"/>
            <line number="92" hits="0"/>
            <line number="95" hits="1"/>
            <line number="96" hits="0"/>
          </lines>
        </class>
        <class name="text_area_field" filename="lib/decidim/custom_user_fields/fields/text_area_field.rb" line-rate="0.33" complexity="0">
          <methods/>
          <lines>
            <line number="3" hits="1"/>
            <line number="4" hits="1"/>
            <line number="5" hits="1"/>
            <line number="6" hits="1"/>
            <line number="7" hits="1"/>
            <line number="8" hits="0"/>
            <line number="10" hits="0"/>
            <line number="14" hits="0"/>
            <line number="16" hits="0"/>
            <line number="17" hits="0"/>
            <line number="18" hits="0"/>
            <line number="20" hits="0"/>
            <line number="21" hits="0"/>
            <line number="22" hits="0"/>
            <line number="23" hits="0"/>
            <line number="25" hits="0"/>
            <line number="28" hits="1"/>
            <line number="29" hits="0"/>
            <line number="30" hits="0"/>
            <line number="35" hits="1"/>
            <line number="36" hits="0"/>
            <line number="39" hits="1"/>
            <line number="41" hits="0"/>
            <line number="45" hits="0"/>
          </lines>
        </class>
        <class name="text_field" filename="lib/decidim/custom_user_fields/fields/text_field.rb" line-rate="0.38" complexity="0">
          <methods/>
          <lines>
            <line number="3" hits="1"/>
            <line number="4" hits="1"/>
            <line number="5" hits="1"/>
            <line number="6" hits="1"/>
            <line number="7" hits="1"/>
            <line number="8" hits="0"/>
            <line number="10" hits="0"/>
            <line number="12" hits="0"/>
            <line number="13" hits="0"/>
            <line number="15" hits="0"/>
            <line number="19" hits="0"/>
            <line number="20" hits="0"/>
            <line number="22" hits="0"/>
            <line number="26" hits="0"/>
            <line number="29" hits="1"/>
            <line number="30" hits="0"/>
            <line number="33" hits="1"/>
            <line number="34" hits="0"/>
            <line number="35" hits="0"/>
            <line number="40" hits="1"/>
            <line number="41" hits="0"/>
          </lines>
        </class>
        <class name="application_helper" filename="lib/decidim/custom_user_fields/helpers/application_helper.rb" line-rate="1.0" complexity="0">
          <methods/>
          <lines>
            <line number="3" hits="1"/>
            <line number="4" hits="1"/>
            <line number="5" hits="1"/>
          </lines>
        </class>
        <class name="command" filename="lib/decidim/custom_user_fields/overrides/command.rb" line-rate="0.41" complexity="0">
          <methods/>
          <lines>
            <line number="3" hits="1"/>
            <line number="5" hits="1"/>
            <line number="6" hits="1"/>
            <line number="8" hits="1"/>
            <line number="9" hits="1"/>
            <line number="11" hits="1"/>
            <line number="13" hits="1"/>
            <line number="15" hits="0"/>
            <line number="27" hits="0"/>
            <line number="28" hits="0"/>
            <line number="31" hits="1"/>
            <line number="32" hits="0"/>
            <line number="33" hits="0"/>
            <line number="34" hits="0"/>
            <line number="35" hits="0"/>
            <line number="36" hits="0"/>
            <line number="37" hits="0"/>
            <line number="40" hits="1"/>
            <line number="41" hits="0"/>
            <line number="42" hits="0"/>
            <line number="43" hits="0"/>
            <line number="45" hits="0"/>
          </lines>
        </class>
        <class name="form_definition" filename="lib/decidim/custom_user_fields/overrides/form_definition.rb" line-rate="0.69" complexity="0">
          <methods/>
          <lines>
            <line number="3" hits="1"/>
            <line number="5" hits="1"/>
            <line number="6" hits="1"/>
            <line number="8" hits="1"/>
            <line number="9" hits="1"/>
            <line number="11" hits="1"/>
            <line number="12" hits="3"/>
            <line number="13" hits="3"/>
            <line number="14" hits="0"/>
            <line number="18" hits="1"/>
            <line number="19" hits="0"/>
            <line number="20" hits="0"/>
            <line number="21" hits="0"/>
          </lines>
        </class>
        <class name="builder" filename="lib/decidim/custom_user_fields/verifications/builder.rb" line-rate="0.5" complexity="0">
          <methods/>
          <lines>
            <line number="3" hits="1"/>
            <line number="4" hits="1"/>
            <line number="5" hits="1"/>
            <line number="6" hits="1"/>
            <line number="7" hits="1"/>
            <line number="8" hits="1"/>
            <line number="10" hits="1"/>
            <line number="11" hits="0"/>
            <line number="12" hits="0"/>
            <line number="15" hits="1"/>
            <line number="16" hits="0"/>
            <line number="19" hits="1"/>
            <line number="20" hits="0"/>
            <line number="23" hits="1"/>
            <line number="24" hits="0"/>
            <line number="27" hits="1"/>
            <line number="28" hits="0"/>
            <line number="29" hits="0"/>
            <line number="30" hits="0"/>
            <line number="31" hits="0"/>
            <line number="32" hits="0"/>
            <line number="33" hits="0"/>
          </lines>
        </class>
        <class name="verifications" filename="lib/decidim/custom_user_fields/verifications/verifications.rb" line-rate="0.78" complexity="0">
          <methods/>
          <lines>
            <line number="3" hits="1"/>
            <line number="4" hits="1"/>
            <line number="5" hits="1"/>
            <line number="6" hits="1"/>
            <line number="8" hits="1"/>
            <line number="9" hits="0"/>
            <line number="12" hits="1"/>
            <line number="13" hits="1"/>
            <line number="14" hits="7"/>
            <line number="17" hits="1"/>
            <line number="19" hits="7"/>
            <line number="20" hits="7"/>
            <line number="21" hits="7"/>
            <line number="22" hits="7"/>
            <line number="26" hits="1"/>
            <line number="27" hits="0"/>
            <line number="28" hits="0"/>
            <line number="29" hits="0"/>
          </lines>
        </class>
        <class name="version" filename="lib/decidim/custom_user_fields/version.rb" line-rate="0.0" complexity="0">
          <methods/>
          <lines>
            <line number="3" hits="0"/>
            <line number="4" hits="0"/>
            <line number="5" hits="0"/>
            <line number="6" hits="0"/>
            <line number="7" hits="0"/>
            <line number="9" hits="0"/>
            <line number="10" hits="0"/>
            <line number="11" hits="0"/>
            <line number="12" hits="0"/>
            <line number="13" hits="0"/>
          </lines>
        </class>
        <class name="user_fields" filename="lib/decidim/user_fields.rb" line-rate="1.0" complexity="0">
          <methods/>
          <lines>
            <line number="3" hits="1"/>
            <line number="4" hits="1"/>
            <line number="5" hits="1"/>
            <line number="6" hits="1"/>
            <line number="7" hits="1"/>
            <line number="8" hits="1"/>
            <line number="9" hits="1"/>
            <line number="11" hits="1"/>
            <line number="12" hits="1"/>
            <line number="13" hits="1"/>
            <line number="14" hits="1"/>
            <line number="16" hits="1"/>
            <line number="18" hits="1"/>
            <line number="19" hits="1"/>
            <line number="21" hits="1"/>
          </lines>
        </class>
      </classes>
    </package>
  </packages>
</coverage>